<?xml version="1.0" encoding="UTF-8"?>
<!-- Generated by org.testng.reporters.JUnitReportReporter -->
<testsuite hostname="DESKTOP-LE5L8PH" failures="0" tests="2" name="com.id.bd.First_project.TestNGExample" time="0.006" errors="0" timestamp="2023-09-20T15:58:47 BDT" skipped="0">
  <testcase classname="com.id.bd.First_project.TestNGExample" name="testCase2" time="0.005"/>
  <testcase classname="com.id.bd.First_project.TestNGExample" name="testCase1" time="0.001"/>
</testsuite> <!-- com.id.bd.First_project.TestNGExample -->
