<?xml version="1.0" encoding="UTF-8"?>
<!-- Generated by org.testng.reporters.JUnitReportReporter -->
<testsuite hostname="DESKTOP-LE5L8PH" failures="0" tests="1" name="com.id.bd.First_project.AdvancedNopCommerce" time="27.677" errors="0" timestamp="2023-09-29T01:45:12 BDT" skipped="0">
  <testcase classname="com.id.bd.First_project.AdvancedNopCommerce" name="testNopCommerce" time="27.677"/>
</testsuite> <!-- com.id.bd.First_project.AdvancedNopCommerce -->
