<?xml version="1.0" encoding="UTF-8"?>
<!-- Generated by org.testng.reporters.JUnitReportReporter -->
<testsuite hostname="DESKTOP-LE5L8PH" failures="0" tests="1" name="com.id.bd.First_project.MyFirstWebAutomation" time="1.836" errors="0" timestamp="2023-09-28T23:02:56 BDT" skipped="0">
  <testcase classname="com.id.bd.First_project.MyFirstWebAutomation" name="loadGoogleHomePage" time="1.836"/>
</testsuite> <!-- com.id.bd.First_project.MyFirstWebAutomation -->
