<?xml version="1.0" encoding="UTF-8"?>
<!-- Generated by org.testng.reporters.JUnitReportReporter -->
<testsuite hostname="DESKTOP-LE5L8PH" failures="0" tests="1" name="com.id.bd.First_project.BasicLocator" time="9.299" errors="0" timestamp="2023-09-28T17:25:26 BDT" skipped="0">
  <testcase classname="com.id.bd.First_project.BasicLocator" name="testGoogleSearch" time="9.299"/>
</testsuite> <!-- com.id.bd.First_project.BasicLocator -->
